Base path: 'C:/Program Files/Unity/Hub/Editor/2020.3.25f1/Editor/Data', plugins path 'C:/Program Files/Unity/Hub/Editor/2020.3.25f1/Editor/Data/PlaybackEngines'
Cmd: initializeCompiler

Cmd: compileSnippet
  insize=1188 file=Packages/com.unity.barracuda/Barracuda/Runtime/Core/Resources/Barracuda/PixelShaders/Barracuda/Resample2D pass=<Unnamed Pass> cachingPP=1 ppOnly=0 stripLineD=0 buildPlatform=19 rsLen=0 pKW=UNITY_ENABLE_REFLECTION_BUFFERS UNITY_USE_DITHER_MASK_FOR_ALPHABLENDED_SHADOWS UNITY_PBS_USE_BRDF1 UNITY_SPECCUBE_BOX_PROJECTION UNITY_SPECCUBE_BLENDING UNITY_ENABLE_DETAIL_NORMALMAP SHADER_API_DESKTOP UNITY_COLORSPACE_GAMMA UNITY_LIGHT_PROBE_PROXY_VOLUME UNITY_LIGHTMAP_FULL_HDR uKW=BATCHTILLING_OFF dKW=BATCHTILLING_ON UNITY_NO_DXT5nm UNITY_ENABLE_NATIVE_SHADOW_LOOKUPS UNITY_METAL_SHADOWS_USE_POINT_FILTERING UNITY_NO_SCREENSPACE_SHADOWS UNITY_PBS_USE_BRDF2 UNITY_PBS_USE_BRDF3 UNITY_NO_FULL_STANDARD_SHADER UNITY_HARDWARE_TIER1 UNITY_HARDWARE_TIER2 UNITY_HARDWARE_TIER3 UNITY_HALF_PRECISION_FRAGMENT_SHADER_REGISTERS UNITY_LIGHTMAP_DLDR_ENCODING UNITY_LIGHTMAP_RGBM_ENCODING UNITY_VIRTUAL_TEXTURING UNITY_PRETRANSFORM_TO_DISPLAY_ORIENTATION UNITY_ASTC_NORMALMAP_ENCODING SHADER_API_GLES30 flags=0 lang=0 type=Fragment platform=d3d11 reqs=33 mask=6 start=13 ok=1 outsize=1930

Cmd: compileComputeKernel
  insize=15342 file=D:/UnityML/Project/Football/Unity_ML_Football/Unity_ML_Football/Library/PackageCache/com.unity.barracuda@2.3.1-preview/Barracuda/Runtime/Core/Resources/Barracuda/Reduce.compute kernel=PartialReduceMax cachingPP=1 ppOnly=0 stripLineD=0 buildPlatform=19 km=<LOOP=0>,<REDUCEMAX=1>,<PARTIALSUFFIX=PartialReduceMax>,<UNITY_VERSION=202039> pKW=UNITY_ENABLE_REFLECTION_BUFFERS UNITY_USE_DITHER_MASK_FOR_ALPHABLENDED_SHADOWS UNITY_PBS_USE_BRDF1 UNITY_SPECCUBE_BOX_PROJECTION UNITY_SPECCUBE_BLENDING UNITY_ENABLE_DETAIL_NORMALMAP SHADER_API_DESKTOP UNITY_COLORSPACE_GAMMA UNITY_LIGHT_PROBE_PROXY_VOLUME UNITY_LIGHTMAP_FULL_HDR uKW=SHADER_STAGE_COMPUTE platform=d3d11 flags=0 ok=1 outsize=2375

Cmd: compileComputeKernel
  insize=10837 file=D:/UnityML/Project/Football/Unity_ML_Football/Unity_ML_Football/Library/PackageCache/com.unity.barracuda@2.3.1-preview/Barracuda/Runtime/Core/Resources/Barracuda/ActivationBase.compute kernel=Asinh_NCHW cachingPP=1 ppOnly=0 stripLineD=0 buildPlatform=19 km=<CHANNELS_FIRST=1>,<UNITY_VERSION=202039> pKW=UNITY_ENABLE_REFLECTION_BUFFERS UNITY_USE_DITHER_MASK_FOR_ALPHABLENDED_SHADOWS UNITY_PBS_USE_BRDF1 UNITY_SPECCUBE_BOX_PROJECTION UNITY_SPECCUBE_BLENDING UNITY_ENABLE_DETAIL_NORMALMAP SHADER_API_DESKTOP UNITY_COLORSPACE_GAMMA UNITY_LIGHT_PROBE_PROXY_VOLUME UNITY_LIGHTMAP_FULL_HDR uKW=SHADER_STAGE_COMPUTE platform=d3d11 flags=0 ok=1 outsize=1397

Cmd: compileComputeKernel
  insize=10837 file=D:/UnityML/Project/Football/Unity_ML_Football/Unity_ML_Football/Library/PackageCache/com.unity.barracuda@2.3.1-preview/Barracuda/Runtime/Core/Resources/Barracuda/ActivationBase.compute kernel=Sqrt_CNyx_NHWC cachingPP=1 ppOnly=0 stripLineD=0 buildPlatform=19 km=<CHANNELS_FIRST=0>,<UNITY_VERSION=202039> pKW=UNITY_ENABLE_REFLECTION_BUFFERS UNITY_USE_DITHER_MASK_FOR_ALPHABLENDED_SHADOWS UNITY_PBS_USE_BRDF1 UNITY_SPECCUBE_BOX_PROJECTION UNITY_SPECCUBE_BLENDING UNITY_ENABLE_DETAIL_NORMALMAP SHADER_API_DESKTOP UNITY_COLORSPACE_GAMMA UNITY_LIGHT_PROBE_PROXY_VOLUME UNITY_LIGHTMAP_FULL_HDR uKW=SHADER_STAGE_COMPUTE platform=d3d11 flags=0 ok=1 outsize=1261

Cmd: compileComputeKernel
  insize=10837 file=D:/UnityML/Project/Football/Unity_ML_Football/Unity_ML_Football/Library/PackageCache/com.unity.barracuda@2.3.1-preview/Barracuda/Runtime/Core/Resources/Barracuda/ActivationBase.compute kernel=PRelu_CNyx2_NHWC cachingPP=1 ppOnly=0 stripLineD=0 buildPlatform=19 km=<CHANNELS_FIRST=0>,<UNITY_VERSION=202039> pKW=UNITY_ENABLE_REFLECTION_BUFFERS UNITY_USE_DITHER_MASK_FOR_ALPHABLENDED_SHADOWS UNITY_PBS_USE_BRDF1 UNITY_SPECCUBE_BOX_PROJECTION UNITY_SPECCUBE_BLENDING UNITY_ENABLE_DETAIL_NORMALMAP SHADER_API_DESKTOP UNITY_COLORSPACE_GAMMA UNITY_LIGHT_PROBE_PROXY_VOLUME UNITY_LIGHTMAP_FULL_HDR uKW=SHADER_STAGE_COMPUTE platform=d3d11 flags=0 ok=1 outsize=1137

Cmd: compileComputeKernel
  insize=10837 file=D:/UnityML/Project/Football/Unity_ML_Football/Unity_ML_Football/Library/PackageCache/com.unity.barracuda@2.3.1-preview/Barracuda/Runtime/Core/Resources/Barracuda/ActivationBase.compute kernel=Tan_Loop cachingPP=1 ppOnly=0 stripLineD=0 buildPlatform=19 km=<UNITY_VERSION=202039> pKW=UNITY_ENABLE_REFLECTION_BUFFERS UNITY_USE_DITHER_MASK_FOR_ALPHABLENDED_SHADOWS UNITY_PBS_USE_BRDF1 UNITY_SPECCUBE_BOX_PROJECTION UNITY_SPECCUBE_BLENDING UNITY_ENABLE_DETAIL_NORMALMAP SHADER_API_DESKTOP UNITY_COLORSPACE_GAMMA UNITY_LIGHT_PROBE_PROXY_VOLUME UNITY_LIGHTMAP_FULL_HDR uKW=SHADER_STAGE_COMPUTE platform=d3d11 flags=0 ok=1 outsize=804

Cmd: compileComputeKernel
  insize=10837 file=D:/UnityML/Project/Football/Unity_ML_Football/Unity_ML_Football/Library/PackageCache/com.unity.barracuda@2.3.1-preview/Barracuda/Runtime/Core/Resources/Barracuda/ActivationBase.compute kernel=Cosh_FlatStrict cachingPP=1 ppOnly=0 stripLineD=0 buildPlatform=19 km=<UNITY_VERSION=202039> pKW=UNITY_ENABLE_REFLECTION_BUFFERS UNITY_USE_DITHER_MASK_FOR_ALPHABLENDED_SHADOWS UNITY_PBS_USE_BRDF1 UNITY_SPECCUBE_BOX_PROJECTION UNITY_SPECCUBE_BLENDING UNITY_ENABLE_DETAIL_NORMALMAP SHADER_API_DESKTOP UNITY_COLORSPACE_GAMMA UNITY_LIGHT_PROBE_PROXY_VOLUME UNITY_LIGHTMAP_FULL_HDR uKW=SHADER_STAGE_COMPUTE platform=d3d11 flags=0 ok=1 outsize=838

Cmd: compileComputeKernel
  insize=10837 file=D:/UnityML/Project/Football/Unity_ML_Football/Unity_ML_Football/Library/PackageCache/com.unity.barracuda@2.3.1-preview/Barracuda/Runtime/Core/Resources/Barracuda/ActivationBase.compute kernel=Sign_FlatStrict cachingPP=1 ppOnly=0 stripLineD=0 buildPlatform=19 km=<UNITY_VERSION=202039> pKW=UNITY_ENABLE_REFLECTION_BUFFERS UNITY_USE_DITHER_MASK_FOR_ALPHABLENDED_SHADOWS UNITY_PBS_USE_BRDF1 UNITY_SPECCUBE_BOX_PROJECTION UNITY_SPECCUBE_BLENDING UNITY_ENABLE_DETAIL_NORMALMAP SHADER_API_DESKTOP UNITY_COLORSPACE_GAMMA UNITY_LIGHT_PROBE_PROXY_VOLUME UNITY_LIGHTMAP_FULL_HDR uKW=SHADER_STAGE_COMPUTE platform=d3d11 flags=0 ok=1 outsize=798

Cmd: compileComputeKernel
  insize=10837 file=D:/UnityML/Project/Football/Unity_ML_Football/Unity_ML_Football/Library/PackageCache/com.unity.barracuda@2.3.1-preview/Barracuda/Runtime/Core/Resources/Barracuda/ActivationBase.compute kernel=Elu_FlatStrict cachingPP=1 ppOnly=0 stripLineD=0 buildPlatform=19 km=<UNITY_VERSION=202039> pKW=UNITY_ENABLE_REFLECTION_BUFFERS UNITY_USE_DITHER_MASK_FOR_ALPHABLENDED_SHADOWS UNITY_PBS_USE_BRDF1 UNITY_SPECCUBE_BOX_PROJECTION UNITY_SPECCUBE_BLENDING UNITY_ENABLE_DETAIL_NORMALMAP SHADER_API_DESKTOP UNITY_COLORSPACE_GAMMA UNITY_LIGHT_PROBE_PROXY_VOLUME UNITY_LIGHTMAP_FULL_HDR uKW=SHADER_STAGE_COMPUTE platform=d3d11 flags=0 ok=1 outsize=1023

Cmd: compileComputeKernel
  insize=10837 file=D:/UnityML/Project/Football/Unity_ML_Football/Unity_ML_Football/Library/PackageCache/com.unity.barracuda@2.3.1-preview/Barracuda/Runtime/Core/Resources/Barracuda/ActivationBase.compute kernel=Floor_Flat cachingPP=1 ppOnly=0 stripLineD=0 buildPlatform=19 km=<UNITY_VERSION=202039> pKW=UNITY_ENABLE_REFLECTION_BUFFERS UNITY_USE_DITHER_MASK_FOR_ALPHABLENDED_SHADOWS UNITY_PBS_USE_BRDF1 UNITY_SPECCUBE_BOX_PROJECTION UNITY_SPECCUBE_BLENDING UNITY_ENABLE_DETAIL_NORMALMAP SHADER_API_DESKTOP UNITY_COLORSPACE_GAMMA UNITY_LIGHT_PROBE_PROXY_VOLUME UNITY_LIGHTMAP_FULL_HDR uKW=SHADER_STAGE_COMPUTE platform=d3d11 flags=0 ok=1 outsize=675

Cmd: compileComputeKernel
  insize=10837 file=D:/UnityML/Project/Football/Unity_ML_Football/Unity_ML_Football/Library/PackageCache/com.unity.barracuda@2.3.1-preview/Barracuda/Runtime/Core/Resources/Barracuda/ActivationBase.compute kernel=Abs_FlatStrict cachingPP=1 ppOnly=0 stripLineD=0 buildPlatform=19 km=<UNITY_VERSION=202039> pKW=UNITY_ENABLE_REFLECTION_BUFFERS UNITY_USE_DITHER_MASK_FOR_ALPHABLENDED_SHADOWS UNITY_PBS_USE_BRDF1 UNITY_SPECCUBE_BOX_PROJECTION UNITY_SPECCUBE_BLENDING UNITY_ENABLE_DETAIL_NORMALMAP SHADER_API_DESKTOP UNITY_COLORSPACE_GAMMA UNITY_LIGHT_PROBE_PROXY_VOLUME UNITY_LIGHTMAP_FULL_HDR uKW=SHADER_STAGE_COMPUTE platform=d3d11 flags=0 ok=1 outsize=629

Cmd: compileComputeKernel
  insize=88028 file=D:/UnityML/Project/Football/Unity_ML_Football/Unity_ML_Football/Library/PackageCache/com.unity.barracuda@2.3.1-preview/Barracuda/Runtime/Core/Resources/Barracuda/BarracudaReferenceImpl.compute kernel=DepthwiseConv2D_NCHW cachingPP=1 ppOnly=0 stripLineD=0 buildPlatform=19 km=<CHANNELS_FIRST=1>,<UNITY_VERSION=202039> pKW=UNITY_ENABLE_REFLECTION_BUFFERS UNITY_USE_DITHER_MASK_FOR_ALPHABLENDED_SHADOWS UNITY_PBS_USE_BRDF1 UNITY_SPECCUBE_BOX_PROJECTION UNITY_SPECCUBE_BLENDING UNITY_ENABLE_DETAIL_NORMALMAP SHADER_API_DESKTOP UNITY_COLORSPACE_GAMMA UNITY_LIGHT_PROBE_PROXY_VOLUME UNITY_LIGHTMAP_FULL_HDR uKW=SHADER_STAGE_COMPUTE platform=d3d11 flags=0  error: 1 plat 4 at BarracudaReferenceImpl.compute(2720): signed/unsigned mismatch, unsigned assumed
  error: 1 plat 4 at BarracudaReferenceImpl.compute(2747): signed/unsigned mismatch, unsigned assumed
  error: 1 plat 4 at BarracudaReferenceImpl.compute(2763): signed/unsigned mismatch, unsigned assumed
  error: 1 plat 4 at BarracudaReferenceImpl.compute(2765): signed/unsigned mismatch, unsigned assumed
  error: 1 plat 4 at BarracudaReferenceImpl.compute(2767): signed/unsigned mismatch, unsigned assumed
  error: 1 plat 4 at BarracudaReferenceImpl.compute(2769): signed/unsigned mismatch, unsigned assumed
 ok=1 outsize=2795

Cmd: compileComputeKernel
  insize=88028 file=D:/UnityML/Project/Football/Unity_ML_Football/Unity_ML_Football/Library/PackageCache/com.unity.barracuda@2.3.1-preview/Barracuda/Runtime/Core/Resources/Barracuda/BarracudaReferenceImpl.compute kernel=DepthToSpace_DCR_NHWC cachingPP=1 ppOnly=0 stripLineD=0 buildPlatform=19 km=<CHANNELS_FIRST=0>,<UNITY_VERSION=202039> pKW=UNITY_ENABLE_REFLECTION_BUFFERS UNITY_USE_DITHER_MASK_FOR_ALPHABLENDED_SHADOWS UNITY_PBS_USE_BRDF1 UNITY_SPECCUBE_BOX_PROJECTION UNITY_SPECCUBE_BLENDING UNITY_ENABLE_DETAIL_NORMALMAP SHADER_API_DESKTOP UNITY_COLORSPACE_GAMMA UNITY_LIGHT_PROBE_PROXY_VOLUME UNITY_LIGHTMAP_FULL_HDR uKW=SHADER_STAGE_COMPUTE platform=d3d11 flags=0  error: 1 plat 4 at BarracudaReferenceImpl.compute(2720): signed/unsigned mismatch, unsigned assumed
  error: 1 plat 4 at BarracudaReferenceImpl.compute(2747): signed/unsigned mismatch, unsigned assumed
  error: 1 plat 4 at BarracudaReferenceImpl.compute(2763): signed/unsigned mismatch, unsigned assumed
  error: 1 plat 4 at BarracudaReferenceImpl.compute(2765): signed/unsigned mismatch, unsigned assumed
  error: 1 plat 4 at BarracudaReferenceImpl.compute(2767): signed/unsigned mismatch, unsigned assumed
  error: 1 plat 4 at BarracudaReferenceImpl.compute(2769): signed/unsigned mismatch, unsigned assumed
 ok=1 outsize=1489

Cmd: compileComputeKernel
  insize=88028 file=D:/UnityML/Project/Football/Unity_ML_Football/Unity_ML_Football/Library/PackageCache/com.unity.barracuda@2.3.1-preview/Barracuda/Runtime/Core/Resources/Barracuda/BarracudaReferenceImpl.compute kernel=Relu_NCHW cachingPP=1 ppOnly=0 stripLineD=0 buildPlatform=19 km=<CHANNELS_FIRST=1>,<UNITY_VERSION=202039> pKW=UNITY_ENABLE_REFLECTION_BUFFERS UNITY_USE_DITHER_MASK_FOR_ALPHABLENDED_SHADOWS UNITY_PBS_USE_BRDF1 UNITY_SPECCUBE_BOX_PROJECTION UNITY_SPECCUBE_BLENDING UNITY_ENABLE_DETAIL_NORMALMAP SHADER_API_DESKTOP UNITY_COLORSPACE_GAMMA UNITY_LIGHT_PROBE_PROXY_VOLUME UNITY_LIGHTMAP_FULL_HDR uKW=SHADER_STAGE_COMPUTE platform=d3d11 flags=0  error: 1 plat 4 at BarracudaReferenceImpl.compute(2720): signed/unsigned mismatch, unsigned assumed
  error: 1 plat 4 at BarracudaReferenceImpl.compute(2747): signed/unsigned mismatch, unsigned assumed
  error: 1 plat 4 at BarracudaReferenceImpl.compute(2763): signed/unsigned mismatch, unsigned assumed
  error: 1 plat 4 at BarracudaReferenceImpl.compute(2765): signed/unsigned mismatch, unsigned assumed
  error: 1 plat 4 at BarracudaReferenceImpl.compute(2767): signed/unsigned mismatch, unsigned assumed
  error: 1 plat 4 at BarracudaReferenceImpl.compute(2769): signed/unsigned mismatch, unsigned assumed
 ok=1 outsize=3412

Cmd: compileComputeKernel
  insize=88028 file=D:/UnityML/Project/Football/Unity_ML_Football/Unity_ML_Football/Library/PackageCache/com.unity.barracuda@2.3.1-preview/Barracuda/Runtime/Core/Resources/Barracuda/BarracudaReferenceImpl.compute kernel=Softmax_NHWC cachingPP=1 ppOnly=0 stripLineD=0 buildPlatform=19 km=<CHANNELS_FIRST=0>,<UNITY_VERSION=202039> pKW=UNITY_ENABLE_REFLECTION_BUFFERS UNITY_USE_DITHER_MASK_FOR_ALPHABLENDED_SHADOWS UNITY_PBS_USE_BRDF1 UNITY_SPECCUBE_BOX_PROJECTION UNITY_SPECCUBE_BLENDING UNITY_ENABLE_DETAIL_NORMALMAP SHADER_API_DESKTOP UNITY_COLORSPACE_GAMMA UNITY_LIGHT_PROBE_PROXY_VOLUME UNITY_LIGHTMAP_FULL_HDR uKW=SHADER_STAGE_COMPUTE platform=d3d11 flags=0  error: 1 plat 4 at BarracudaReferenceImpl.compute(2720): signed/unsigned mismatch, unsigned assumed
  error: 1 plat 4 at BarracudaReferenceImpl.compute(2747): signed/unsigned mismatch, unsigned assumed
  error: 1 plat 4 at BarracudaReferenceImpl.compute(2763): signed/unsigned mismatch, unsigned assumed
  error: 1 plat 4 at BarracudaReferenceImpl.compute(2765): signed/unsigned mismatch, unsigned assumed
  error: 1 plat 4 at BarracudaReferenceImpl.compute(2767): signed/unsigned mismatch, unsigned assumed
  error: 1 plat 4 at BarracudaReferenceImpl.compute(2769): signed/unsigned mismatch, unsigned assumed
 ok=1 outsize=1554

Cmd: compileComputeKernel
  insize=88028 file=D:/UnityML/Project/Football/Unity_ML_Football/Unity_ML_Football/Library/PackageCache/com.unity.barracuda@2.3.1-preview/Barracuda/Runtime/Core/Resources/Barracuda/BarracudaReferenceImpl.compute kernel=Selu_NCHW cachingPP=1 ppOnly=0 stripLineD=0 buildPlatform=19 km=<CHANNELS_FIRST=1>,<UNITY_VERSION=202039> pKW=UNITY_ENABLE_REFLECTION_BUFFERS UNITY_USE_DITHER_MASK_FOR_ALPHABLENDED_SHADOWS UNITY_PBS_USE_BRDF1 UNITY_SPECCUBE_BOX_PROJECTION UNITY_SPECCUBE_BLENDING UNITY_ENABLE_DETAIL_NORMALMAP SHADER_API_DESKTOP UNITY_COLORSPACE_GAMMA UNITY_LIGHT_PROBE_PROXY_VOLUME UNITY_LIGHTMAP_FULL_HDR uKW=SHADER_STAGE_COMPUTE platform=d3d11 flags=0  error: 1 plat 4 at BarracudaReferenceImpl.compute(2720): signed/unsigned mismatch, unsigned assumed
  error: 1 plat 4 at BarracudaReferenceImpl.compute(2747): signed/unsigned mismatch, unsigned assumed
  error: 1 plat 4 at BarracudaReferenceImpl.compute(2763): signed/unsigned mismatch, unsigned assumed
  error: 1 plat 4 at BarracudaReferenceImpl.compute(2765): signed/unsigned mismatch, unsigned assumed
  error: 1 plat 4 at BarracudaReferenceImpl.compute(2767): signed/unsigned mismatch, unsigned assumed
  error: 1 plat 4 at BarracudaReferenceImpl.compute(2769): signed/unsigned mismatch, unsigned assumed
 ok=1 outsize=3635

Cmd: compileComputeKernel
  insize=88028 file=D:/UnityML/Project/Football/Unity_ML_Football/Unity_ML_Football/Library/PackageCache/com.unity.barracuda@2.3.1-preview/Barracuda/Runtime/Core/Resources/Barracuda/BarracudaReferenceImpl.compute kernel=Asin_NCHW cachingPP=1 ppOnly=0 stripLineD=0 buildPlatform=19 km=<CHANNELS_FIRST=1>,<UNITY_VERSION=202039> pKW=UNITY_ENABLE_REFLECTION_BUFFERS UNITY_USE_DITHER_MASK_FOR_ALPHABLENDED_SHADOWS UNITY_PBS_USE_BRDF1 UNITY_SPECCUBE_BOX_PROJECTION UNITY_SPECCUBE_BLENDING UNITY_ENABLE_DETAIL_NORMALMAP SHADER_API_DESKTOP UNITY_COLORSPACE_GAMMA UNITY_LIGHT_PROBE_PROXY_VOLUME UNITY_LIGHTMAP_FULL_HDR uKW=SHADER_STAGE_COMPUTE platform=d3d11 flags=0  error: 1 plat 4 at BarracudaReferenceImpl.compute(2720): signed/unsigned mismatch, unsigned assumed
  error: 1 plat 4 at BarracudaReferenceImpl.compute(2747): signed/unsigned mismatch, unsigned assumed
  error: 1 plat 4 at BarracudaReferenceImpl.compute(2763): signed/unsigned mismatch, unsigned assumed
  error: 1 plat 4 at BarracudaReferenceImpl.compute(2765): signed/unsigned mismatch, unsigned assumed
  error: 1 plat 4 at BarracudaReferenceImpl.compute(2767): signed/unsigned mismatch, unsigned assumed
  error: 1 plat 4 at BarracudaReferenceImpl.compute(2769): signed/unsigned mismatch, unsigned assumed
 ok=1 outsize=3716

Cmd: compileComputeKernel
  insize=88028 file=D:/UnityML/Project/Football/Unity_ML_Football/Unity_ML_Football/Library/PackageCache/com.unity.barracuda@2.3.1-preview/Barracuda/Runtime/Core/Resources/Barracuda/BarracudaReferenceImpl.compute kernel=Tan_NHWC cachingPP=1 ppOnly=0 stripLineD=0 buildPlatform=19 km=<CHANNELS_FIRST=0>,<UNITY_VERSION=202039> pKW=UNITY_ENABLE_REFLECTION_BUFFERS UNITY_USE_DITHER_MASK_FOR_ALPHABLENDED_SHADOWS UNITY_PBS_USE_BRDF1 UNITY_SPECCUBE_BOX_PROJECTION UNITY_SPECCUBE_BLENDING UNITY_ENABLE_DETAIL_NORMALMAP SHADER_API_DESKTOP UNITY_COLORSPACE_GAMMA UNITY_LIGHT_PROBE_PROXY_VOLUME UNITY_LIGHTMAP_FULL_HDR uKW=SHADER_STAGE_COMPUTE platform=d3d11 flags=0  error: 1 plat 4 at BarracudaReferenceImpl.compute(2720): signed/unsigned mismatch, unsigned assumed
  error: 1 plat 4 at BarracudaReferenceImpl.compute(2747): signed/unsigned mismatch, unsigned assumed
  error: 1 plat 4 at BarracudaReferenceImpl.compute(2763): signed/unsigned mismatch, unsigned assumed
  error: 1 plat 4 at BarracudaReferenceImpl.compute(2765): signed/unsigned mismatch, unsigned assumed
  error: 1 plat 4 at BarracudaReferenceImpl.compute(2767): signed/unsigned mismatch, unsigned assumed
  error: 1 plat 4 at BarracudaReferenceImpl.compute(2769): signed/unsigned mismatch, unsigned assumed
 ok=1 outsize=3407

Cmd: compileComputeKernel
  insize=88028 file=D:/UnityML/Project/Football/Unity_ML_Football/Unity_ML_Football/Library/PackageCache/com.unity.barracuda@2.3.1-preview/Barracuda/Runtime/Core/Resources/Barracuda/BarracudaReferenceImpl.compute kernel=ReshapeFromNHWCModel_NCHW cachingPP=1 ppOnly=0 stripLineD=0 buildPlatform=19 km=<CHANNELS_FIRST=1>,<UNITY_VERSION=202039> pKW=UNITY_ENABLE_REFLECTION_BUFFERS UNITY_USE_DITHER_MASK_FOR_ALPHABLENDED_SHADOWS UNITY_PBS_USE_BRDF1 UNITY_SPECCUBE_BOX_PROJECTION UNITY_SPECCUBE_BLENDING UNITY_ENABLE_DETAIL_NORMALMAP SHADER_API_DESKTOP UNITY_COLORSPACE_GAMMA UNITY_LIGHT_PROBE_PROXY_VOLUME UNITY_LIGHTMAP_FULL_HDR uKW=SHADER_STAGE_COMPUTE platform=d3d11 flags=0  error: 1 plat 4 at BarracudaReferenceImpl.compute(2720): signed/unsigned mismatch, unsigned assumed
  error: 1 plat 4 at BarracudaReferenceImpl.compute(2747): signed/unsigned mismatch, unsigned assumed
  error: 1 plat 4 at BarracudaReferenceImpl.compute(2763): signed/unsigned mismatch, unsigned assumed
  error: 1 plat 4 at BarracudaReferenceImpl.compute(2765): signed/unsigned mismatch, unsigned assumed
  error: 1 plat 4 at BarracudaReferenceImpl.compute(2767): signed/unsigned mismatch, unsigned assumed
  error: 1 plat 4 at BarracudaReferenceImpl.compute(2769): signed/unsigned mismatch, unsigned assumed
 ok=1 outsize=1580

Cmd: compileComputeKernel
  insize=88028 file=D:/UnityML/Project/Football/Unity_ML_Football/Unity_ML_Football/Library/PackageCache/com.unity.barracuda@2.3.1-preview/Barracuda/Runtime/Core/Resources/Barracuda/BarracudaReferenceImpl.compute kernel=BroadcastMax_NCHW cachingPP=1 ppOnly=0 stripLineD=0 buildPlatform=19 km=<CHANNELS_FIRST=1>,<UNITY_VERSION=202039> pKW=UNITY_ENABLE_REFLECTION_BUFFERS UNITY_USE_DITHER_MASK_FOR_ALPHABLENDED_SHADOWS UNITY_PBS_USE_BRDF1 UNITY_SPECCUBE_BOX_PROJECTION UNITY_SPECCUBE_BLENDING UNITY_ENABLE_DETAIL_NORMALMAP SHADER_API_DESKTOP UNITY_COLORSPACE_GAMMA UNITY_LIGHT_PROBE_PROXY_VOLUME UNITY_LIGHTMAP_FULL_HDR uKW=SHADER_STAGE_COMPUTE platform=d3d11 flags=0  error: 1 plat 4 at BarracudaReferenceImpl.compute(2720): signed/unsigned mismatch, unsigned assumed
  error: 1 plat 4 at BarracudaReferenceImpl.compute(2747): signed/unsigned mismatch, unsigned assumed
  error: 1 plat 4 at BarracudaReferenceImpl.compute(2763): signed/unsigned mismatch, unsigned assumed
  error: 1 plat 4 at BarracudaReferenceImpl.compute(2765): signed/unsigned mismatch, unsigned assumed
  error: 1 plat 4 at BarracudaReferenceImpl.compute(2767): signed/unsigned mismatch, unsigned assumed
  error: 1 plat 4 at BarracudaReferenceImpl.compute(2769): signed/unsigned mismatch, unsigned assumed
 ok=1 outsize=5039

Cmd: compileComputeKernel
  insize=88028 file=D:/UnityML/Project/Football/Unity_ML_Football/Unity_ML_Football/Library/PackageCache/com.unity.barracuda@2.3.1-preview/Barracuda/Runtime/Core/Resources/Barracuda/BarracudaReferenceImpl.compute kernel=BroadcastLogicalAnd_NHWC cachingPP=1 ppOnly=0 stripLineD=0 buildPlatform=19 km=<CHANNELS_FIRST=0>,<UNITY_VERSION=202039> pKW=UNITY_ENABLE_REFLECTION_BUFFERS UNITY_USE_DITHER_MASK_FOR_ALPHABLENDED_SHADOWS UNITY_PBS_USE_BRDF1 UNITY_SPECCUBE_BOX_PROJECTION UNITY_SPECCUBE_BLENDING UNITY_ENABLE_DETAIL_NORMALMAP SHADER_API_DESKTOP UNITY_COLORSPACE_GAMMA UNITY_LIGHT_PROBE_PROXY_VOLUME UNITY_LIGHTMAP_FULL_HDR uKW=SHADER_STAGE_COMPUTE platform=d3d11 flags=0  error: 1 plat 4 at BarracudaReferenceImpl.compute(2720): signed/unsigned mismatch, unsigned assumed
  error: 1 plat 4 at BarracudaReferenceImpl.compute(2747): signed/unsigned mismatch, unsigned assumed
  error: 1 plat 4 at BarracudaReferenceImpl.compute(2763): signed/unsigned mismatch, unsigned assumed
  error: 1 plat 4 at BarracudaReferenceImpl.compute(2765): signed/unsigned mismatch, unsigned assumed
  error: 1 plat 4 at BarracudaReferenceImpl.compute(2767): signed/unsigned mismatch, unsigned assumed
  error: 1 plat 4 at BarracudaReferenceImpl.compute(2769): signed/unsigned mismatch, unsigned assumed
 ok=1 outsize=5218

Cmd: compileComputeKernel
  insize=88028 file=D:/UnityML/Project/Football/Unity_ML_Football/Unity_ML_Football/Library/PackageCache/com.unity.barracuda@2.3.1-preview/Barracuda/Runtime/Core/Resources/Barracuda/BarracudaReferenceImpl.compute kernel=Border2D_NHWC cachingPP=1 ppOnly=0 stripLineD=0 buildPlatform=19 km=<CHANNELS_FIRST=0>,<UNITY_VERSION=202039> pKW=UNITY_ENABLE_REFLECTION_BUFFERS UNITY_USE_DITHER_MASK_FOR_ALPHABLENDED_SHADOWS UNITY_PBS_USE_BRDF1 UNITY_SPECCUBE_BOX_PROJECTION UNITY_SPECCUBE_BLENDING UNITY_ENABLE_DETAIL_NORMALMAP SHADER_API_DESKTOP UNITY_COLORSPACE_GAMMA UNITY_LIGHT_PROBE_PROXY_VOLUME UNITY_LIGHTMAP_FULL_HDR uKW=SHADER_STAGE_COMPUTE platform=d3d11 flags=0  error: 1 plat 4 at BarracudaReferenceImpl.compute(2720): signed/unsigned mismatch, unsigned assumed
  error: 1 plat 4 at BarracudaReferenceImpl.compute(2747): signed/unsigned mismatch, unsigned assumed
  error: 1 plat 4 at BarracudaReferenceImpl.compute(2763): signed/unsigned mismatch, unsigned assumed
  error: 1 plat 4 at BarracudaReferenceImpl.compute(2765): signed/unsigned mismatch, unsigned assumed
  error: 1 plat 4 at BarracudaReferenceImpl.compute(2767): signed/unsigned mismatch, unsigned assumed
  error: 1 plat 4 at BarracudaReferenceImpl.compute(2769): signed/unsigned mismatch, unsigned assumed
 ok=1 outsize=1650

Cmd: compileComputeKernel
  insize=88028 file=D:/UnityML/Project/Football/Unity_ML_Football/Unity_ML_Football/Library/PackageCache/com.unity.barracuda@2.3.1-preview/Barracuda/Runtime/Core/Resources/Barracuda/BarracudaReferenceImpl.compute kernel=ScatterND_NCHW cachingPP=1 ppOnly=0 stripLineD=0 buildPlatform=19 km=<CHANNELS_FIRST=1>,<UNITY_VERSION=202039> pKW=UNITY_ENABLE_REFLECTION_BUFFERS UNITY_USE_DITHER_MASK_FOR_ALPHABLENDED_SHADOWS UNITY_PBS_USE_BRDF1 UNITY_SPECCUBE_BOX_PROJECTION UNITY_SPECCUBE_BLENDING UNITY_ENABLE_DETAIL_NORMALMAP SHADER_API_DESKTOP UNITY_COLORSPACE_GAMMA UNITY_LIGHT_PROBE_PROXY_VOLUME UNITY_LIGHTMAP_FULL_HDR uKW=SHADER_STAGE_COMPUTE platform=d3d11 flags=0  error: 1 plat 4 at BarracudaReferenceImpl.compute(2720): signed/unsigned mismatch, unsigned assumed
  error: 1 plat 4 at BarracudaReferenceImpl.compute(2747): signed/unsigned mismatch, unsigned assumed
  error: 1 plat 4 at BarracudaReferenceImpl.compute(2763): signed/unsigned mismatch, unsigned assumed
  error: 1 plat 4 at BarracudaReferenceImpl.compute(2765): signed/unsigned mismatch, unsigned assumed
  error: 1 plat 4 at BarracudaReferenceImpl.compute(2767): signed/unsigned mismatch, unsigned assumed
  error: 1 plat 4 at BarracudaReferenceImpl.compute(2769): signed/unsigned mismatch, unsigned assumed
 ok=1 outsize=3170

Cmd: compileComputeKernel
  insize=10837 file=D:/UnityML/Project/Football/Unity_ML_Football/Unity_ML_Football/Library/PackageCache/com.unity.barracuda@2.3.1-preview/Barracuda/Runtime/Core/Resources/Barracuda/ActivationBase.compute kernel=Cos_NHWC cachingPP=1 ppOnly=0 stripLineD=0 buildPlatform=19 km=<CHANNELS_FIRST=0>,<UNITY_VERSION=202039> pKW=UNITY_ENABLE_REFLECTION_BUFFERS UNITY_USE_DITHER_MASK_FOR_ALPHABLENDED_SHADOWS UNITY_PBS_USE_BRDF1 UNITY_SPECCUBE_BOX_PROJECTION UNITY_SPECCUBE_BLENDING UNITY_ENABLE_DETAIL_NORMALMAP SHADER_API_DESKTOP UNITY_COLORSPACE_GAMMA UNITY_LIGHT_PROBE_PROXY_VOLUME UNITY_LIGHTMAP_FULL_HDR uKW=SHADER_STAGE_COMPUTE platform=d3d11 flags=0 ok=1 outsize=1287

Cmd: compileComputeKernel
  insize=10837 file=D:/UnityML/Project/Football/Unity_ML_Football/Unity_ML_Football/Library/PackageCache/com.unity.barracuda@2.3.1-preview/Barracuda/Runtime/Core/Resources/Barracuda/ActivationBase.compute kernel=Sinh_Nyxc_NHWC cachingPP=1 ppOnly=0 stripLineD=0 buildPlatform=19 km=<CHANNELS_FIRST=0>,<UNITY_VERSION=202039> pKW=UNITY_ENABLE_REFLECTION_BUFFERS UNITY_USE_DITHER_MASK_FOR_ALPHABLENDED_SHADOWS UNITY_PBS_USE_BRDF1 UNITY_SPECCUBE_BOX_PROJECTION UNITY_SPECCUBE_BLENDING UNITY_ENABLE_DETAIL_NORMALMAP SHADER_API_DESKTOP UNITY_COLORSPACE_GAMMA UNITY_LIGHT_PROBE_PROXY_VOLUME UNITY_LIGHTMAP_FULL_HDR uKW=SHADER_STAGE_COMPUTE platform=d3d11 flags=0 ok=1 outsize=1321

Cmd: compileComputeKernel
  insize=13703 file=D:/UnityML/Project/Football/Unity_ML_Football/Unity_ML_Football/Library/PackageCache/com.unity.barracuda@2.3.1-preview/Barracuda/Runtime/Core/Resources/Barracuda/Generic.compute kernel=ScaleBias_CNyx_NHWC cachingPP=1 ppOnly=0 stripLineD=0 buildPlatform=19 km=<CHANNELS_FIRST=0>,<UNITY_VERSION=202039> pKW=UNITY_ENABLE_REFLECTION_BUFFERS UNITY_USE_DITHER_MASK_FOR_ALPHABLENDED_SHADOWS UNITY_PBS_USE_BRDF1 UNITY_SPECCUBE_BOX_PROJECTION UNITY_SPECCUBE_BLENDING UNITY_ENABLE_DETAIL_NORMALMAP SHADER_API_DESKTOP UNITY_COLORSPACE_GAMMA UNITY_LIGHT_PROBE_PROXY_VOLUME UNITY_LIGHTMAP_FULL_HDR uKW=SHADER_STAGE_COMPUTE platform=d3d11 flags=0 ok=1 outsize=1499

Cmd: compileComputeKernel
  insize=13703 file=D:/UnityML/Project/Football/Unity_ML_Football/Unity_ML_Football/Library/PackageCache/com.unity.barracuda@2.3.1-preview/Barracuda/Runtime/Core/Resources/Barracuda/Generic.compute kernel=UpsampleBilinear2D_2x2_NHWC cachingPP=1 ppOnly=0 stripLineD=0 buildPlatform=19 km=<CHANNELS_FIRST=0>,<UNITY_VERSION=202039> pKW=UNITY_ENABLE_REFLECTION_BUFFERS UNITY_USE_DITHER_MASK_FOR_ALPHABLENDED_SHADOWS UNITY_PBS_USE_BRDF1 UNITY_SPECCUBE_BOX_PROJECTION UNITY_SPECCUBE_BLENDING UNITY_ENABLE_DETAIL_NORMALMAP SHADER_API_DESKTOP UNITY_COLORSPACE_GAMMA UNITY_LIGHT_PROBE_PROXY_VOLUME UNITY_LIGHTMAP_FULL_HDR uKW=SHADER_STAGE_COMPUTE platform=d3d11 flags=0 ok=1 outsize=2218

Cmd: compileComputeKernel
  insize=713 file=D:/UnityML/Project/Football/Unity_ML_Football/Unity_ML_Football/Library/PackageCache/com.unity.barracuda@2.3.1-preview/Barracuda/Runtime/Core/Resources/Barracuda/ActivationA.compute kernel=Relu_FlatStrict cachingPP=1 ppOnly=0 stripLineD=0 buildPlatform=19 km=<UNITY_VERSION=202039> pKW=UNITY_ENABLE_REFLECTION_BUFFERS UNITY_USE_DITHER_MASK_FOR_ALPHABLENDED_SHADOWS UNITY_PBS_USE_BRDF1 UNITY_SPECCUBE_BOX_PROJECTION UNITY_SPECCUBE_BLENDING UNITY_ENABLE_DETAIL_NORMALMAP SHADER_API_DESKTOP UNITY_COLORSPACE_GAMMA UNITY_LIGHT_PROBE_PROXY_VOLUME UNITY_LIGHTMAP_FULL_HDR uKW=SHADER_STAGE_COMPUTE platform=d3d11 flags=0 ok=1 outsize=638

Cmd: compileComputeKernel
  insize=713 file=D:/UnityML/Project/Football/Unity_ML_Football/Unity_ML_Football/Library/PackageCache/com.unity.barracuda@2.3.1-preview/Barracuda/Runtime/Core/Resources/Barracuda/ActivationA.compute kernel=Sigmoid_Flat cachingPP=1 ppOnly=0 stripLineD=0 buildPlatform=19 km=<UNITY_VERSION=202039> pKW=UNITY_ENABLE_REFLECTION_BUFFERS UNITY_USE_DITHER_MASK_FOR_ALPHABLENDED_SHADOWS UNITY_PBS_USE_BRDF1 UNITY_SPECCUBE_BOX_PROJECTION UNITY_SPECCUBE_BLENDING UNITY_ENABLE_DETAIL_NORMALMAP SHADER_API_DESKTOP UNITY_COLORSPACE_GAMMA UNITY_LIGHT_PROBE_PROXY_VOLUME UNITY_LIGHTMAP_FULL_HDR uKW=SHADER_STAGE_COMPUTE platform=d3d11 flags=0 ok=1 outsize=753

Cmd: compileComputeKernel
  insize=451 file=D:/UnityML/Project/Football/Unity_ML_Football/Unity_ML_Football/Library/PackageCache/com.unity.barracuda@2.3.1-preview/Barracuda/Runtime/Core/Resources/Barracuda/Pool_NHWC.compute kernel=GlobalAvgVariancePool2D_NHWC cachingPP=1 ppOnly=0 stripLineD=0 buildPlatform=19 km=<CHANNELS_FIRST=0>,<UNITY_VERSION=202039> pKW=UNITY_ENABLE_REFLECTION_BUFFERS UNITY_USE_DITHER_MASK_FOR_ALPHABLENDED_SHADOWS UNITY_PBS_USE_BRDF1 UNITY_SPECCUBE_BOX_PROJECTION UNITY_SPECCUBE_BLENDING UNITY_ENABLE_DETAIL_NORMALMAP SHADER_API_DESKTOP UNITY_COLORSPACE_GAMMA UNITY_LIGHT_PROBE_PROXY_VOLUME UNITY_LIGHTMAP_FULL_HDR uKW=SHADER_STAGE_COMPUTE platform=d3d11 flags=0 ok=1 outsize=5681

Cmd: compileComputeKernel
  insize=713 file=D:/UnityML/Project/Football/Unity_ML_Football/Unity_ML_Football/Library/PackageCache/com.unity.barracuda@2.3.1-preview/Barracuda/Runtime/Core/Resources/Barracuda/ActivationA.compute kernel=PRelu_Flat cachingPP=1 ppOnly=0 stripLineD=0 buildPlatform=19 km=<UNITY_VERSION=202039> pKW=UNITY_ENABLE_REFLECTION_BUFFERS UNITY_USE_DITHER_MASK_FOR_ALPHABLENDED_SHADOWS UNITY_PBS_USE_BRDF1 UNITY_SPECCUBE_BOX_PROJECTION UNITY_SPECCUBE_BLENDING UNITY_ENABLE_DETAIL_NORMALMAP SHADER_API_DESKTOP UNITY_COLORSPACE_GAMMA UNITY_LIGHT_PROBE_PROXY_VOLUME UNITY_LIGHTMAP_FULL_HDR uKW=SHADER_STAGE_COMPUTE platform=d3d11 flags=0 ok=1 outsize=1035

Cmd: compileComputeKernel
  insize=67315 file=D:/UnityML/Project/Football/Unity_ML_Football/Unity_ML_Football/Library/PackageCache/com.unity.barracuda@2.3.1-preview/Barracuda/Runtime/Core/Resources/Barracuda/Conv2dMobile.compute kernel=Conv2D_KernelKxK_T16x16_R4x4_NHWC cachingPP=1 ppOnly=0 stripLineD=0 buildPlatform=19 km=<CHANNELS_FIRST=0>,<BLOCK_SIZE=4>,<KERNEL_PER_TG=256>,<SUFFIX=KernelKxK_T16x16_R>,<UNITY_VERSION=202039> pKW=UNITY_ENABLE_REFLECTION_BUFFERS UNITY_USE_DITHER_MASK_FOR_ALPHABLENDED_SHADOWS UNITY_PBS_USE_BRDF1 UNITY_SPECCUBE_BOX_PROJECTION UNITY_SPECCUBE_BLENDING UNITY_ENABLE_DETAIL_NORMALMAP SHADER_API_DESKTOP UNITY_COLORSPACE_GAMMA UNITY_LIGHT_PROBE_PROXY_VOLUME UNITY_LIGHTMAP_FULL_HDR uKW=SHADER_STAGE_COMPUTE platform=d3d11 flags=0 ok=1 outsize=10573

Cmd: compileComputeKernel
  insize=1031 file=D:/UnityML/Project/Football/Unity_ML_Football/Unity_ML_Football/Library/PackageCache/com.unity.barracuda@2.3.1-preview/Barracuda/Runtime/Core/Resources/Barracuda/Broadcast_NHWC.compute kernel=BroadcastGreater_NHWC cachingPP=1 ppOnly=0 stripLineD=0 buildPlatform=19 km=<CHANNELS_FIRST=0>,<UNITY_VERSION=202039> pKW=UNITY_ENABLE_REFLECTION_BUFFERS UNITY_USE_DITHER_MASK_FOR_ALPHABLENDED_SHADOWS UNITY_PBS_USE_BRDF1 UNITY_SPECCUBE_BOX_PROJECTION UNITY_SPECCUBE_BLENDING UNITY_ENABLE_DETAIL_NORMALMAP SHADER_API_DESKTOP UNITY_COLORSPACE_GAMMA UNITY_LIGHT_PROBE_PROXY_VOLUME UNITY_LIGHTMAP_FULL_HDR uKW=SHADER_STAGE_COMPUTE platform=d3d11 flags=0 ok=1 outsize=1497

Cmd: compileComputeKernel
  insize=1031 file=D:/UnityML/Project/Football/Unity_ML_Football/Unity_ML_Football/Library/PackageCache/com.unity.barracuda@2.3.1-preview/Barracuda/Runtime/Core/Resources/Barracuda/Broadcast_NHWC.compute kernel=BroadcastDivExpSub_NHWC cachingPP=1 ppOnly=0 stripLineD=0 buildPlatform=19 km=<CHANNELS_FIRST=0>,<UNITY_VERSION=202039> pKW=UNITY_ENABLE_REFLECTION_BUFFERS UNITY_USE_DITHER_MASK_FOR_ALPHABLENDED_SHADOWS UNITY_PBS_USE_BRDF1 UNITY_SPECCUBE_BOX_PROJECTION UNITY_SPECCUBE_BLENDING UNITY_ENABLE_DETAIL_NORMALMAP SHADER_API_DESKTOP UNITY_COLORSPACE_GAMMA UNITY_LIGHT_PROBE_PROXY_VOLUME UNITY_LIGHTMAP_FULL_HDR uKW=SHADER_STAGE_COMPUTE platform=d3d11 flags=0 ok=1 outsize=1813

Cmd: compileComputeKernel
  insize=764 file=D:/UnityML/Project/Football/Unity_ML_Football/Unity_ML_Football/Library/PackageCache/com.unity.barracuda@2.3.1-preview/Barracuda/Runtime/Core/Resources/Barracuda/Conv2dA_NCHW.compute kernel=Conv2D_RegisterBlock4x2_NCHW cachingPP=1 ppOnly=0 stripLineD=0 buildPlatform=19 km=<CHANNELS_FIRST=1>,<UNITY_VERSION=202039> pKW=UNITY_ENABLE_REFLECTION_BUFFERS UNITY_USE_DITHER_MASK_FOR_ALPHABLENDED_SHADOWS UNITY_PBS_USE_BRDF1 UNITY_SPECCUBE_BOX_PROJECTION UNITY_SPECCUBE_BLENDING UNITY_ENABLE_DETAIL_NORMALMAP SHADER_API_DESKTOP UNITY_COLORSPACE_GAMMA UNITY_LIGHT_PROBE_PROXY_VOLUME UNITY_LIGHTMAP_FULL_HDR uKW=SHADER_STAGE_COMPUTE platform=d3d11 flags=0 ok=1 outsize=6364

Cmd: compileComputeKernel
  insize=1031 file=D:/UnityML/Project/Football/Unity_ML_Football/Unity_ML_Football/Library/PackageCache/com.unity.barracuda@2.3.1-preview/Barracuda/Runtime/Core/Resources/Barracuda/Broadcast_NCHW.compute kernel=BroadcastAdd_NCHW cachingPP=1 ppOnly=0 stripLineD=0 buildPlatform=19 km=<CHANNELS_FIRST=1>,<UNITY_VERSION=202039> pKW=UNITY_ENABLE_REFLECTION_BUFFERS UNITY_USE_DITHER_MASK_FOR_ALPHABLENDED_SHADOWS UNITY_PBS_USE_BRDF1 UNITY_SPECCUBE_BOX_PROJECTION UNITY_SPECCUBE_BLENDING UNITY_ENABLE_DETAIL_NORMALMAP SHADER_API_DESKTOP UNITY_COLORSPACE_GAMMA UNITY_LIGHT_PROBE_PROXY_VOLUME UNITY_LIGHTMAP_FULL_HDR uKW=SHADER_STAGE_COMPUTE platform=d3d11 flags=0 ok=1 outsize=1465

Cmd: compileComputeKernel
  insize=76403 file=D:/UnityML/Project/Football/Unity_ML_Football/Unity_ML_Football/Library/PackageCache/com.unity.barracuda@2.3.1-preview/Barracuda/Runtime/Core/Resources/Barracuda/Dense.compute kernel=Dense_Tilled2x2_Cached cachingPP=1 ppOnly=0 stripLineD=0 buildPlatform=19 km=<UNITY_VERSION=202039> pKW=UNITY_ENABLE_REFLECTION_BUFFERS UNITY_USE_DITHER_MASK_FOR_ALPHABLENDED_SHADOWS UNITY_PBS_USE_BRDF1 UNITY_SPECCUBE_BOX_PROJECTION UNITY_SPECCUBE_BLENDING UNITY_ENABLE_DETAIL_NORMALMAP SHADER_API_DESKTOP UNITY_COLORSPACE_GAMMA UNITY_LIGHT_PROBE_PROXY_VOLUME UNITY_LIGHTMAP_FULL_HDR uKW=SHADER_STAGE_COMPUTE platform=d3d11 flags=0 ok=1 outsize=5651

Cmd: compileComputeKernel
  insize=4481 file=D:/UnityML/Project/Football/Unity_ML_Football/Unity_ML_Football/Library/PackageCache/com.unity.barracuda@2.3.1-preview/Barracuda/Runtime/Core/Resources/Barracuda/Pad.compute kernel=Border2D_NHWC cachingPP=1 ppOnly=0 stripLineD=0 buildPlatform=19 km=<CHANNELS_FIRST=0>,<UNITY_VERSION=202039> pKW=UNITY_ENABLE_REFLECTION_BUFFERS UNITY_USE_DITHER_MASK_FOR_ALPHABLENDED_SHADOWS UNITY_PBS_USE_BRDF1 UNITY_SPECCUBE_BOX_PROJECTION UNITY_SPECCUBE_BLENDING UNITY_ENABLE_DETAIL_NORMALMAP SHADER_API_DESKTOP UNITY_COLORSPACE_GAMMA UNITY_LIGHT_PROBE_PROXY_VOLUME UNITY_LIGHTMAP_FULL_HDR uKW=SHADER_STAGE_COMPUTE platform=d3d11 flags=0 ok=1 outsize=1650

Cmd: compileComputeKernel
  insize=4481 file=D:/UnityML/Project/Football/Unity_ML_Football/Unity_ML_Football/Library/PackageCache/com.unity.barracuda@2.3.1-preview/Barracuda/Runtime/Core/Resources/Barracuda/Pad.compute kernel=Pad2DReflect_NHWC cachingPP=1 ppOnly=0 stripLineD=0 buildPlatform=19 km=<CHANNELS_FIRST=0>,<UNITY_VERSION=202039> pKW=UNITY_ENABLE_REFLECTION_BUFFERS UNITY_USE_DITHER_MASK_FOR_ALPHABLENDED_SHADOWS UNITY_PBS_USE_BRDF1 UNITY_SPECCUBE_BOX_PROJECTION UNITY_SPECCUBE_BLENDING UNITY_ENABLE_DETAIL_NORMALMAP SHADER_API_DESKTOP UNITY_COLORSPACE_GAMMA UNITY_LIGHT_PROBE_PROXY_VOLUME UNITY_LIGHTMAP_FULL_HDR uKW=SHADER_STAGE_COMPUTE platform=d3d11 flags=0 ok=1 outsize=1684

Cmd: compileComputeKernel
  insize=1896 file=D:/UnityML/Project/Football/Unity_ML_Football/Unity_ML_Football/Library/PackageCache/com.unity.barracuda@2.3.1-preview/Barracuda/Runtime/Core/Resources/Barracuda/DenseFP16.compute kernel=DenseFP16Div2_NHWC cachingPP=1 ppOnly=0 stripLineD=0 buildPlatform=19 km=<CHANNELS_FIRST=0>,<UNITY_VERSION=202039> pKW=UNITY_ENABLE_REFLECTION_BUFFERS UNITY_USE_DITHER_MASK_FOR_ALPHABLENDED_SHADOWS UNITY_PBS_USE_BRDF1 UNITY_SPECCUBE_BOX_PROJECTION UNITY_SPECCUBE_BLENDING UNITY_ENABLE_DETAIL_NORMALMAP SHADER_API_DESKTOP UNITY_COLORSPACE_GAMMA UNITY_LIGHT_PROBE_PROXY_VOLUME UNITY_LIGHTMAP_FULL_HDR uKW=SHADER_STAGE_COMPUTE platform=d3d11 flags=0 ok=1 outsize=3122

Cmd: shutdown
